{"ts":"2025-12-29T09:48:50.331Z","level":"INFO","event":"AGENT_ACTION","data":{"agent":"L1","action":"START","goal":"hi"}}
{"ts":"2025-12-29T09:48:50.331Z","level":"INFO","event":"ORCHESTRATOR_DISPATCH","data":{"mode":"agent","level":"L1","multiAgent":false,"task_id":"cdfcde05-87c9-438d-9b7b-668e7ac2dd1b","recursion_depth":0}}
{"ts":"2025-12-29T11:07:17.332Z","level":"INFO","event":"ORCHESTRATOR_DISPATCH","data":{"mode":"agent","level":"L2","multiAgent":false,"task_id":"bb998e36-251d-4d25-9314-9e1a650b2550","recursion_depth":0}}
{"ts":"2025-12-29T11:07:17.335Z","level":"INFO","event":"AGENT_ACTION","data":{"agent":"L2","action":"START","goal":"hi"}}
{"ts":"2025-12-29T11:46:16.185Z","level":"INFO","event":"ORCHESTRATOR_DISPATCH","data":{"mode":"agent","level":"L2","multiAgent":false,"task_id":"9ab071a5-9c5e-4735-b2ba-e0f1a70341b0","recursion_depth":0}}
{"ts":"2025-12-29T11:46:16.187Z","level":"INFO","event":"AGENT_ACTION","data":{"agent":"L2","action":"START","goal":"hi"}}
{"ts":"2025-12-29T11:48:49.974Z","level":"INFO","event":"ORCHESTRATOR_DISPATCH","data":{"mode":"agent","level":"L2","multiAgent":false,"task_id":"c90d6a33-6353-46ef-951b-be7813bc6db0","recursion_depth":0}}
{"ts":"2025-12-29T11:48:49.977Z","level":"INFO","event":"AGENT_ACTION","data":{"agent":"L2","action":"START","goal":"write me some code"}}
{"ts":"2025-12-29T12:01:45.689Z","level":"INFO","event":"ORCHESTRATOR_DISPATCH","data":{"mode":"agent","level":"L2","multiAgent":false,"task_id":"c51b091a-6566-4340-baf1-a83574d9e17b","recursion_depth":0}}
{"ts":"2025-12-29T12:01:45.692Z","level":"INFO","event":"AGENT_ACTION","data":{"agent":"L2","action":"START","goal":"write me some code"}}
{"ts":"2025-12-29T12:03:46.711Z","level":"INFO","event":"ORCHESTRATOR_DISPATCH","data":{"mode":"agent","level":"L2","multiAgent":false,"task_id":"2720640e-f8cf-44a3-aa89-14dc664e0d53","recursion_depth":0}}
{"ts":"2025-12-29T12:03:46.714Z","level":"INFO","event":"AGENT_ACTION","data":{"agent":"L2","action":"START","goal":"write me some code"}}
{"ts":"2025-12-29T12:08:01.619Z","level":"INFO","event":"ORCHESTRATOR_DISPATCH","data":{"mode":"agent","level":"L2","multiAgent":false,"task_id":"2aa85199-2204-45ae-8aa1-3ef5be86eba9","recursion_depth":0}}
{"ts":"2025-12-29T12:08:01.621Z","level":"INFO","event":"AGENT_ACTION","data":{"agent":"L2","action":"START","goal":"hi write me some code"}}
{"ts":"2025-12-29T12:17:57.855Z","level":"INFO","event":"ORCHESTRATOR_DISPATCH","data":{"mode":"agent","level":"L2","multiAgent":false,"task_id":"13f08f57-a5c6-49d7-9055-954e76048f5b","recursion_depth":0}}
{"ts":"2025-12-29T12:17:57.858Z","level":"INFO","event":"AGENT_ACTION","data":{"agent":"L2","action":"START","goal":"write me some code"}}
{"ts":"2025-12-29T12:43:44.650Z","level":"INFO","event":"ORCHESTRATOR_DISPATCH","data":{"mode":"agent","level":"L2","multiAgent":false,"task_id":"0825839c-07ed-451c-945c-91ac36105581","recursion_depth":0}}
{"ts":"2025-12-29T12:43:44.653Z","level":"INFO","event":"AGENT_ACTION","data":{"agent":"L2","action":"START","goal":"write me some code"}}
{"ts":"2025-12-29T12:51:21.230Z","level":"INFO","event":"ORCHESTRATOR_DISPATCH","data":{"mode":"agent","level":"L2","multiAgent":false,"task_id":"d34267a5-3a75-4dac-9f74-c0059a26db37","recursion_depth":0}}
{"ts":"2025-12-29T12:51:21.232Z","level":"INFO","event":"AGENT_ACTION","data":{"agent":"L2","action":"START","goal":"write me some code"}}
{"ts":"2025-12-29T13:00:40.630Z","level":"INFO","event":"ORCHESTRATOR_DISPATCH","data":{"mode":"agent","level":"L2","multiAgent":false,"task_id":"209bc2ef-6f4a-4256-bca9-a7ddd4b3aa6d","recursion_depth":0}}
{"ts":"2025-12-29T13:00:40.633Z","level":"INFO","event":"AGENT_ACTION","data":{"agent":"L2","action":"START","goal":"write me some code"}}
{"ts":"2025-12-29T13:13:44.790Z","level":"INFO","event":"ORCHESTRATOR_DISPATCH","data":{"mode":"agent","level":"L2","multiAgent":false,"task_id":"5c264ccc-034e-4f7b-8191-461bacc3ffa0","recursion_depth":0}}
{"ts":"2025-12-29T13:13:44.796Z","level":"INFO","event":"AGENT_ACTION","data":{"agent":"L2","action":"START","goal":"write some code"}}
{"ts":"2025-12-29T13:21:38.928Z","level":"INFO","event":"ORCHESTRATOR_DISPATCH","data":{"mode":"agent","level":"L2","multiAgent":false,"task_id":"6e3b2478-57e5-4d25-bd95-1234023306d5","recursion_depth":0}}
{"ts":"2025-12-29T13:21:38.931Z","level":"INFO","event":"AGENT_ACTION","data":{"agent":"L2","action":"START","goal":"write some code"}}
{"ts":"2025-12-29T13:29:14.159Z","level":"INFO","event":"ORCHESTRATOR_DISPATCH","data":{"mode":"agent","level":"L2","multiAgent":false,"task_id":"15cc06da-f756-4576-8914-6f2c511424be","recursion_depth":0}}
{"ts":"2025-12-29T13:29:14.161Z","level":"INFO","event":"AGENT_ACTION","data":{"agent":"L2","action":"START","goal":"write me some code"}}
{"ts":"2025-12-29T13:47:21.043Z","level":"INFO","event":"ORCHESTRATOR_DISPATCH","data":{"mode":"agent","level":"L2","multiAgent":false,"task_id":"b6b6e602-9165-4586-af95-e336751116a8","recursion_depth":0}}
{"ts":"2025-12-29T13:47:21.046Z","level":"INFO","event":"AGENT_ACTION","data":{"agent":"L2","action":"START","goal":"write me some code"}}
{"ts":"2025-12-30T06:04:07.586Z","level":"INFO","event":"ORCHESTRATOR_DISPATCH","data":{"mode":"agent","level":"L2","multiAgent":false,"task_id":"5597e19d-b9a3-43bb-8767-251bf8defa55","recursion_depth":0}}
{"ts":"2025-12-30T06:04:07.588Z","level":"INFO","event":"AGENT_ACTION","data":{"agent":"L2","action":"START","goal":"write a hello world function"}}
{"ts":"2025-12-30T06:25:47.345Z","level":"INFO","event":"ORCHESTRATOR_DISPATCH","data":{"mode":"agent","level":"L2","multiAgent":false,"task_id":"7966e2c4-955b-473d-a80e-09e654842418","recursion_depth":0}}
{"ts":"2025-12-30T06:25:47.347Z","level":"INFO","event":"AGENT_ACTION","data":{"agent":"L2","action":"START","goal":"write me a hellp script"}}
{"ts":"2025-12-30T06:42:25.354Z","level":"INFO","event":"ORCHESTRATOR_DISPATCH","data":{"mode":"agent","level":"L2","multiAgent":false,"task_id":"1003681d-bfc4-42e3-a218-2ae07466c25f","recursion_depth":0}}
{"ts":"2025-12-30T06:42:25.356Z","level":"INFO","event":"AGENT_ACTION","data":{"agent":"L2","action":"START","goal":"write a hello world script"}}
{"ts":"2025-12-30T06:49:59.520Z","level":"INFO","event":"ORCHESTRATOR_DISPATCH","data":{"mode":"agent","level":"L2","multiAgent":false,"task_id":"bdc0e0b9-359e-41e1-b302-cddd39f8afc8","recursion_depth":0}}
{"ts":"2025-12-30T06:49:59.522Z","level":"INFO","event":"AGENT_ACTION","data":{"agent":"L2","action":"START","goal":"write me a hello world script"}}
{"ts":"2025-12-30T07:10:09.089Z","level":"INFO","event":"ORCHESTRATOR_DISPATCH","data":{"mode":"agent","level":"L2","multiAgent":false,"task_id":"ac708729-4809-4b39-b5ff-14e1eaef7925","recursion_depth":0}}
{"ts":"2025-12-30T07:10:09.091Z","level":"INFO","event":"AGENT_ACTION","data":{"agent":"L2","action":"START","goal":"write a hello world scrpt"}}
